0 info it worked if it ends with ok
1 verbose cli [ '/usr/local/Cellar/node/6.9.1/bin/node',
1 verbose cli   '/usr/local/bin/npm',
1 verbose cli   'run',
1 verbose cli   'json' ]
2 info using npm@4.0.5
3 info using node@v7.4.0
4 verbose run-script [ 'prejson', 'json', 'postjson' ]
5 info lifecycle @~prejson: @
6 silly lifecycle @~prejson: no script for prejson, continuing
7 info lifecycle @~json: @
8 verbose lifecycle @~json: unsafe-perm in lifecycle true
9 verbose lifecycle @~json: PATH: /usr/local/lib/node_modules/npm/bin/node-gyp-bin:/Users/steve/angular2/SportsStore/node_modules/.bin:/usr/local/lib/node_modules/npm/bin/node-gyp-bin:/Users/steve/angular2/SportsStore/node_modules/.bin://anaconda/bin://anaconda/bin:/usr/bin:/bin:/usr/sbin:/sbin:/usr/local/bin:/usr/local/go/bin
10 verbose lifecycle @~json: CWD: /Users/steve/angular2/SportsStore
11 silly lifecycle @~json: Args: [ '-c', 'json-server data.js -p 3500 -m authMiddleware.js' ]
12 silly lifecycle @~json: Returned: code: 1  signal: null
13 info lifecycle @~json: Failed to exec json script
14 verbose stack Error: @ json: `json-server data.js -p 3500 -m authMiddleware.js`
14 verbose stack Exit status 1
14 verbose stack     at EventEmitter.<anonymous> (/usr/local/lib/node_modules/npm/lib/utils/lifecycle.js:279:16)
14 verbose stack     at emitTwo (events.js:106:13)
14 verbose stack     at EventEmitter.emit (events.js:191:7)
14 verbose stack     at ChildProcess.<anonymous> (/usr/local/lib/node_modules/npm/lib/utils/spawn.js:40:14)
14 verbose stack     at emitTwo (events.js:106:13)
14 verbose stack     at ChildProcess.emit (events.js:191:7)
14 verbose stack     at maybeClose (internal/child_process.js:885:16)
14 verbose stack     at Process.ChildProcess._handle.onexit (internal/child_process.js:226:5)
15 verbose pkgid @
16 verbose cwd /Users/steve/angular2/SportsStore
17 error Darwin 15.5.0
18 error argv "/usr/local/Cellar/node/6.9.1/bin/node" "/usr/local/bin/npm" "run" "json"
19 error node v7.4.0
20 error npm  v4.0.5
21 error code ELIFECYCLE
22 error @ json: `json-server data.js -p 3500 -m authMiddleware.js`
22 error Exit status 1
23 error Failed at the @ json script 'json-server data.js -p 3500 -m authMiddleware.js'.
23 error Make sure you have the latest version of node.js and npm installed.
23 error If you do, this is most likely a problem with the  package,
23 error not with npm itself.
23 error Tell the author that this fails on your system:
23 error     json-server data.js -p 3500 -m authMiddleware.js
23 error You can get information on how to open an issue for this project with:
23 error     npm bugs
23 error Or if that isn't available, you can get their info via:
23 error     npm owner ls
23 error There is likely additional logging output above.
24 verbose exit [ 1, true ]
